---------------------------- PROCESS STARTED (18644) for package com.pixibeestudio.greenly ----------------------------
2026-03-23 13:56:27.929 18644-18644 nativeloader            com.pixibeestudio.greenly            D  Configuring clns-7 for other apk /data/app/~~lAKcKT34H4xpqmu0JFruhQ==/com.pixibeestudio.greenly-cTY5cCRJwFUumIDd_LzbIA==/base.apk. target_sdk_version=36, uses_libraries=, library_path=/data/app/~~lAKcKT34H4xpqmu0JFruhQ==/com.pixibeestudio.greenly-cTY5cCRJwFUumIDd_LzbIA==/lib/arm64, permitted_path=/data:/mnt/expand:/data/user/0/com.pixibeestudio.greenly
2026-03-23 13:56:27.936 18644-18644 GraphicsEnvironment     com.pixibeestudio.greenly            V  Currently set values for:
2026-03-23 13:56:27.937 18644-18644 GraphicsEnvironment     com.pixibeestudio.greenly            V    angle_gl_driver_selection_pkgs=[]
2026-03-23 13:56:27.937 18644-18644 GraphicsEnvironment     com.pixibeestudio.greenly            V    angle_gl_driver_selection_values=[]
2026-03-23 13:56:27.937 18644-18644 GraphicsEnvironment     com.pixibeestudio.greenly            V  Global.Settings values are invalid: number of packages: 0, number of values: 0
2026-03-23 13:56:27.937 18644-18644 GraphicsEnvironment     com.pixibeestudio.greenly            V  App is not on the allowlist for updatable production driver.
2026-03-23 13:56:28.002 18644-18644 ActivityThread          com.pixibeestudio.greenly            D  com.pixibeestudio.greenly will use render engine as VK
2026-03-23 13:56:28.004 18644-18644 HWUI                    com.pixibeestudio.greenly            D  HWUI - treat SMPTE_170M as sRGB
2026-03-23 13:56:28.008 18644-18661 HWUI                    com.pixibeestudio.greenly            D  CacheManager constructor. deviceInfo=(1080, 1920)
2026-03-23 13:56:28.023 18644-18644 AppCompatDelegate       com.pixibeestudio.greenly            D  Checking for metadata for AppLocalesMetadataHolderService : Service not found
2026-03-23 13:56:28.058 18644-18644 DecorView               com.pixibeestudio.greenly            I  setWindowBackground: isPopOver=false color=fffef7ff d=android.graphics.drawable.ColorDrawable@3702394
2026-03-23 13:56:28.060 18644-18644 PhoneWindow             com.pixibeestudio.greenly            D  forceLight changed to false [] from com.android.internal.policy.PhoneWindow.updateForceLightNavigationBar:4536 com.android.internal.policy.PhoneWindow.setNavigationBarColor:4227 androidx.activity.EdgeToEdgeApi35.setUp:353 androidx.activity.EdgeToEdge.enableEdgeToEdge$lambda$1:101 androidx.activity.EdgeToEdge$$ExternalSyntheticLambda0.run:0 
2026-03-23 13:56:28.064 18644-18644 estudio.greenly         com.pixibeestudio.greenly            I  hiddenapi: Accessing hidden method Landroid/view/ViewGroup;->makeOptionalFitsSystemWindows()V (runtime_flags=0, domain=platform, api=unsupported) from Landroidx/appcompat/widget/ViewUtils; (domain=app, TargetSdkVersion=36) using reflection: allowed
2026-03-23 13:56:28.109 18644-18644 ViewRootImpl            com.pixibeestudio.greenly            I  dVRR is disabled
2026-03-23 13:56:28.109 18644-18644 HardwareRenderer        com.pixibeestudio.greenly            D  onDisplayChanged. displayId=0 current wxh=1080x2400 mLargest wxh=0x0
2026-03-23 13:56:28.109 18644-18644 HardwareRenderer        com.pixibeestudio.greenly            D  Set largestWidth and largestHeight as logical resolution. (1080x2400)
2026-03-23 13:56:28.109 18644-18661 HWUI                    com.pixibeestudio.greenly            D  setMaxSurfaceArea requested wxh=(1080,2400) requestedSurfaceArea(2592000) mMaxSurfaceArea(2073600)
2026-03-23 13:56:28.110 18644-18661 NativeCust...ncyManager com.pixibeestudio.greenly            D  [NativeCFMS] BpCustomFrequencyManager::BpCustomFrequencyManager()
2026-03-23 13:56:28.114 18644-18644 InputTransport          com.pixibeestudio.greenly            D  Input channel constructed: '309dcd7', fd=125
2026-03-23 13:56:28.114 18644-18644 InsetsController        com.pixibeestudio.greenly            I  onStateChanged: host=com.pixibeestudio.greenly/com.pixibeestudio.greenly.ui.activity.MainActivity, from=android.view.ViewRootImpl.setView:1999, state=InsetsState: {mDisplayFrame=Rect(0, 0 - 1080, 2400), mDisplayCutout=DisplayCutout{insets=Rect(0, 75 - 0, 0) waterfall=Insets{left=0, top=0, right=0, bottom=0} boundingRect={Bounds=[Rect(0, 0 - 0, 0), Rect(512, 0 - 569, 75), Rect(0, 0 - 0, 0), Rect(0, 0 - 0, 0)]} cutoutPathParserInfo={CutoutPathParserInfo{displayWidth=1080 displayHeight=2400 physicalDisplayWidth=1080 physicalDisplayHeight=2400 density={2.8125} cutoutSpec={M 0, 0 H -10.13333333333333 V 26.66666666666667 H 10.13333333333333 V 0 H 0 Z @dp} rotation={0} scale={1.0} physicalPixelDisplaySizeRatio={1.0}}} sideOverrides={}}, mRoundedCorners=RoundedCorners{[RoundedCorner{position=TopLeft, radius=101, center=Point(101, 101)}, RoundedCorner{position=TopRight, radius=101, center=Point(979, 101)}, RoundedCorner{position=BottomRight, radius=101, center=Point(979, 2299)}, RoundedCorner{position=BottomLeft, radius=101, center=Point(101, 2299)}]}  mRoundedCornerFrame=Rect(0, 0 - 1080, 2400), mPrivacyIndicatorBounds=PrivacyIndicatorBounds {static bounds=Rect(956, 0 - 1080, 75) rotation=0}, mDisplayShape=DisplayShape{ spec=-311912193 displayWidth=1080 displayHeight=2400 physicalPixelDisplaySizeRatio=1.0 rotation=0 offsetX=0 offsetY=0 scale=1.0}, mSources= { InsetsSource: {27 mType=displayCutout mFrame=[0,0][1080,75] mVisible=true mFlags= mSideHint=TOP mBoundingRects=null}, InsetsSource: {16d20000 mType=statusBars mFrame=[0,0][1080,75] mVisible=true mFlags= mSideHint=TOP mBoundingRects=null}, InsetsSource: {16d20005 mType=mandatorySystemGestures mFrame=[0,0][1080,109] mVisible=true mFlags= mSideHint=TOP mBoundingRects=null}, InsetsSource: {16d20006 mType=tappableElement mFrame=[0,0][1080,75] mVisible=true mFlags= mSideHint=TOP mBoundingRects=null}, InsetsSource: {50260001 mType=navigationBars mFrame=[0,2358][1080,2400] mVisible=true mFlags=SUPPRESS_SCRIM mSideHint=BOTTOM mBoundingRects=null}, InsetsSource: {50260004 mType=systemGestures mFrame=[0,0][84,2400] mVisible=true mFlags= mSideHint=LEFT mBoundingRects=null}, InsetsSource: {50260005 mType=mandatorySystemGestures mFrame=[0,2310][1080,2400] mVisible=true mFlags= mSideHint=BOTTOM mBoundingRects=null}, InsetsSource: {50260006 mType=tappableElement mFrame=[0,0][0,0] mVisible=true mFlags= mSideHint=NONE mBoundingRects=null}, InsetsSource: {50260024 mType=systemGestures mFrame=[996,0][1080,2400] mVisible=true mFlags= mSideHint=RIGHT mBoundingRects=null} }
2026-03-23 13:56:28.115 18644-18644 VRI[MainAc...y]@26c5587 com.pixibeestudio.greenly            I  synced displayState. AttachInfo displayState=2
2026-03-23 13:56:28.115 18644-18644 VRI[MainAc...y]@26c5587 com.pixibeestudio.greenly            I  setView = com.android.internal.policy.DecorView@12ec323 IsHRR=false TM=true
2026-03-23 13:56:28.116 18644-18644 IDS_TAG                 com.pixibeestudio.greenly            I  Starting IDS observe window
2026-03-23 13:56:28.116 18644-18644 IDS_TAG                 com.pixibeestudio.greenly            I  Getting Shared Preference for android.app.Application@370be35 uid = 10409
2026-03-23 13:56:28.118 18644-18644 IDS_TAG                 com.pixibeestudio.greenly            I  App android.app.Application@370be35 has not finished training
2026-03-23 13:56:28.118 18644-18644 IDS_TAG                 com.pixibeestudio.greenly            I  Closing IDS observe window
2026-03-23 13:56:28.118 18644-18644 IDS_TAG                 com.pixibeestudio.greenly            I  Getting Shared Preference for android.app.Application@370be35 uid = 10409
2026-03-23 13:56:28.118 18644-18644 IDS_TAG                 com.pixibeestudio.greenly            I  IDS count updated to 3 for android.app.Application@370be35
2026-03-23 13:56:28.133 18644-18644 BLASTBufferQueue_Java   com.pixibeestudio.greenly            I  new BLASTBufferQueue, mName= VRI[MainActivity]@26c5587 mNativeObject= 0xb40000729cf56890 sc.mNativeObject= 0xb40000733cf51650 caller= android.view.ViewRootImpl.updateBlastSurfaceIfNeeded:3397 android.view.ViewRootImpl.relayoutWindow:11361 android.view.ViewRootImpl.performTraversals:4544 android.view.ViewRootImpl.doTraversal:3708 android.view.ViewRootImpl$TraversalRunnable.run:12542 android.view.Choreographer$CallbackRecord.run:1751 android.view.Choreographer$CallbackRecord.run:1760 android.view.Choreographer.doCallbacks:1216 android.view.Choreographer.doFrame:1142 android.view.Choreographer$FrameDisplayEventReceiver.run:1707 
2026-03-23 13:56:28.133 18644-18644 BLASTBufferQueue_Java   com.pixibeestudio.greenly            I  update, w= 1080 h= 2400 mName = VRI[MainActivity]@26c5587 mNativeObject= 0xb40000729cf56890 sc.mNativeObject= 0xb40000733cf51650 format= -1 caller= android.graphics.BLASTBufferQueue.<init>:88 android.view.ViewRootImpl.updateBlastSurfaceIfNeeded:3397 android.view.ViewRootImpl.relayoutWindow:11361 android.view.ViewRootImpl.performTraversals:4544 android.view.ViewRootImpl.doTraversal:3708 android.view.ViewRootImpl$TraversalRunnable.run:12542 
2026-03-23 13:56:28.134 18644-18644 VRI[MainAc...y]@26c5587 com.pixibeestudio.greenly            I  Relayout returned: old=(0,0,1080,2400) new=(0,0,1080,2400) relayoutAsync=false req=(1080,2400)0 dur=5 res=0x3 s={true 0xb40000715cf96a50} ch=true seqId=0
2026-03-23 13:56:28.134 18644-18644 VRI[MainAc...y]@26c5587 com.pixibeestudio.greenly            I  performConfigurationChange setNightDimText nightDimLevel=0
2026-03-23 13:56:28.134 18644-18644 VRI[MainAc...y]@26c5587 com.pixibeestudio.greenly            D  mThreadedRenderer.initialize() mSurface={isValid=true 0xb40000715cf96a50} hwInitialized=true
2026-03-23 13:56:28.138 18644-18644 VRI[MainAc...y]@26c5587 com.pixibeestudio.greenly            D  reportNextDraw android.view.ViewRootImpl.performTraversals:5193 android.view.ViewRootImpl.doTraversal:3708 android.view.ViewRootImpl$TraversalRunnable.run:12542 android.view.Choreographer$CallbackRecord.run:1751 android.view.Choreographer$CallbackRecord.run:1760 
2026-03-23 13:56:28.138 18644-18644 VRI[MainAc...y]@26c5587 com.pixibeestudio.greenly            D  Setup new sync=wmsSync-VRI[MainActivity]@26c5587#0
2026-03-23 13:56:28.138 18644-18644 VRI[MainAc...y]@26c5587 com.pixibeestudio.greenly            I  Creating new active sync group VRI[MainActivity]@26c5587#1
2026-03-23 13:56:28.143 18644-18644 VRI[MainAc...y]@26c5587 com.pixibeestudio.greenly            D  registerCallbacksForSync syncBuffer=false
2026-03-23 13:56:28.146 18644-18675 VRI[MainAc...y]@26c5587 com.pixibeestudio.greenly            D  Received frameDrawingCallback syncResult=0 frameNum=1.
2026-03-23 13:56:28.147 18644-18675 VRI[MainAc...y]@26c5587 com.pixibeestudio.greenly            I  mWNT: t=0xb40000719cf7aa50 mBlastBufferQueue=0xb40000729cf56890 fn= 1 HdrRenderState mRenderHdrSdrRatio=1.0 caller= android.view.ViewRootImpl$11.onFrameDraw:15016 android.view.ThreadedRenderer$1.onFrameDraw:761 <bottom of call stack> 
2026-03-23 13:56:28.147 18644-18675 VRI[MainAc...y]@26c5587 com.pixibeestudio.greenly            I  Setting up sync and frameCommitCallback
2026-03-23 13:56:28.175 18644-18661 BLASTBufferQueue        com.pixibeestudio.greenly            I  [VRI[MainActivity]@26c5587#0](f:0,a:0,s:0) onFrameAvailable the first frame is available
2026-03-23 13:56:28.175 18644-18661 VRI[MainAc...y]@26c5587 com.pixibeestudio.greenly            I  Received frameCommittedCallback lastAttemptedDrawFrameNum=1 didProduceBuffer=true
2026-03-23 13:56:28.176 18644-18661 HWUI                    com.pixibeestudio.greenly            D  CFMS:: SetUp Pid : 18644    Tid : 18661
2026-03-23 13:56:28.176 18644-18644 VRI[MainAc...y]@26c5587 com.pixibeestudio.greenly            D  reportDrawFinished seqId=0
2026-03-23 13:56:28.176 18644-18661 HWUI                    com.pixibeestudio.greenly            D  HWUI - treat SMPTE_170M as sRGB
2026-03-23 13:56:28.178 18644-18644 InsetsSourceConsumer    com.pixibeestudio.greenly            I  applyRequestedVisibilityToControl: visible=true, type=navigationBars, host=com.pixibeestudio.greenly/com.pixibeestudio.greenly.ui.activity.MainActivity
2026-03-23 13:56:28.178 18644-18644 InsetsSourceConsumer    com.pixibeestudio.greenly            I  applyRequestedVisibilityToControl: visible=true, type=statusBars, host=com.pixibeestudio.greenly/com.pixibeestudio.greenly.ui.activity.MainActivity
2026-03-23 13:56:28.216 18644-18644 VRI[MainAc...y]@26c5587 com.pixibeestudio.greenly            D  mThreadedRenderer.initializeIfNeeded()#2 mSurface={isValid=true 0xb40000715cf96a50}
2026-03-23 13:56:28.216 18644-18644 InputMethodManagerUtils com.pixibeestudio.greenly            D  startInputInner - Id : 0
2026-03-23 13:56:28.216 18644-18644 InputMethodManager      com.pixibeestudio.greenly            I  startInputInner - IInputMethodManagerGlobalInvoker.startInputOrWindowGainedFocus
2026-03-23 13:56:28.219 18644-18648 estudio.greenly         com.pixibeestudio.greenly            I  Compiler allocated 4198KB to compile void android.widget.TextView.<init>(android.content.Context, android.util.AttributeSet, int, int)
2026-03-23 13:56:28.223 18644-18655 InputTransport          com.pixibeestudio.greenly            D  Input channel constructed: 'ClientS', fd=146
2026-03-23 13:56:28.239 18644-18644 InsetsController        com.pixibeestudio.greenly            I  onStateChanged: host=com.pixibeestudio.greenly/com.pixibeestudio.greenly.ui.activity.MainActivity, from=android.view.ViewRootImpl.handleInsetsControlChanged:2888, state=InsetsState: {mDisplayFrame=Rect(0, 0 - 1080, 2400), mDisplayCutout=DisplayCutout{insets=Rect(0, 75 - 0, 0) waterfall=Insets{left=0, top=0, right=0, bottom=0} boundingRect={Bounds=[Rect(0, 0 - 0, 0), Rect(512, 0 - 569, 75), Rect(0, 0 - 0, 0), Rect(0, 0 - 0, 0)]} cutoutPathParserInfo={CutoutPathParserInfo{displayWidth=1080 displayHeight=2400 physicalDisplayWidth=1080 physicalDisplayHeight=2400 density={2.8125} cutoutSpec={M 0, 0 H -10.13333333333333 V 26.66666666666667 H 10.13333333333333 V 0 H 0 Z @dp} rotation={0} scale={1.0} physicalPixelDisplaySizeRatio={1.0}}} sideOverrides={}}, mRoundedCorners=RoundedCorners{[RoundedCorner{position=TopLeft, radius=101, center=Point(101, 101)}, RoundedCorner{position=TopRight, radius=101, center=Point(979, 101)}, RoundedCorner{position=BottomRight, radius=101, center=Point(979, 2299)}, RoundedCorner{position=BottomLeft, radius=101, center=Point(101, 2299)}]}  mRoundedCornerFrame=Rect(0, 0 - 1080, 2400), mPrivacyIndicatorBounds=PrivacyIndicatorBounds {static bounds=Rect(956, 0 - 1080, 75) rotation=0}, mDisplayShape=DisplayShape{ spec=-311912193 displayWidth=1080 displayHeight=2400 physicalPixelDisplaySizeRatio=1.0 rotation=0 offsetX=0 offsetY=0 scale=1.0}, mSources= { InsetsSource: {3 mType=ime mFrame=[0,0][0,0] mVisible=false mFlags= mSideHint=NONE mBoundingRects=null}, InsetsSource: {27 mType=displayCutout mFrame=[0,0][1080,75] mVisible=true mFlags= mSideHint=TOP mBoundingRects=null}, InsetsSource: {16d20000 mType=statusBars mFrame=[0,0][1080,75] mVisible=true mFlags= mSideHint=TOP mBoundingRects=null}, InsetsSource: {16d20005 mType=mandatorySystemGestures mFrame=[0,0][1080,109] mVisible=true mFlags= mSideHint=TOP mBoundingRects=null}, InsetsSource: {16d20006 mType=tappableElement mFrame=[0,0][1080,75] mVisible=true mFlags= mSideHint=TOP mBoundingRects=null}, InsetsSource: {50260001 mType=navigationBars mFrame=[0,2358][1080,2400] mVisible=true mFlags=SUPPRESS_SCRIM mSideHint=BOTTOM mBoundingRects=null}, InsetsSource: {50260004 mType=systemGestures mFrame=[0,0][84,2400] mVisible=true mFlags= mSideHint=LEFT mBoundingRects=null}, InsetsSource: {50260005 mType=mandatorySystemGestures mFrame=[0,2310][1080,2400] mVisible=true mFlags= mSideHint=BOTTOM mBoundingRects=null}, InsetsSource: {50260006 mType=tappableElement mFrame=[0,0][0,0] mVisible=true mFlags= mSideHint=NONE mBoundingRects=null}, InsetsSource: {50260024 mType=systemGestures mFrame=[996,0][1080,2400] mVisible=true mFlags= mSideHint=RIGHT mBoundingRects=null} }
2026-03-23 13:56:28.240 18644-18644 InsetsSourceConsumer    com.pixibeestudio.greenly            I  applyRequestedVisibilityToControl: visible=false, type=ime, host=com.pixibeestudio.greenly/com.pixibeestudio.greenly.ui.activity.MainActivity
2026-03-23 13:56:28.358 18644-18648 estudio.greenly         com.pixibeestudio.greenly            I  Compiler allocated 7408KB to compile void android.view.ViewRootImpl.performTraversals()
2026-03-23 13:56:30.105 18644-18644 WindowOnBackDispatcher  com.pixibeestudio.greenly            W  OnBackInvokedCallback is not enabled for the application.
                                                                                                    Set 'android:enableOnBackInvokedCallback="true"' in the application manifest.
2026-03-23 13:56:30.141 18644-18644 InputMethodManager      com.pixibeestudio.greenly            I  invalidateInput
2026-03-23 13:56:30.141 18644-18644 InputMethodManager      com.pixibeestudio.greenly            I  invalidateInput
2026-03-23 13:56:30.143 18644-18644 InputMethodManager      com.pixibeestudio.greenly            I  invalidateInput
2026-03-23 13:56:30.350 18644-18644 BLASTBufferQueue_Java   com.pixibeestudio.greenly            I  update, w= 1080 h= 2400 mName = VRI[MainActivity]@26c5587 mNativeObject= 0xb40000729cf56890 sc.mNativeObject= 0xb40000733cf51650 format= -1 caller= android.view.ViewRootImpl.updateBlastSurfaceIfNeeded:3386 android.view.ViewRootImpl.relayoutWindow:11361 android.view.ViewRootImpl.performTraversals:4544 android.view.ViewRootImpl.doTraversal:3708 android.view.ViewRootImpl$TraversalRunnable.run:12542 android.view.Choreographer$CallbackRecord.run:1751 
2026-03-23 13:56:30.350 18644-18644 VRI[MainAc...y]@26c5587 com.pixibeestudio.greenly            I  Relayout returned: old=(0,0,1080,2400) new=(0,0,1080,2400) relayoutAsync=true req=(1080,2400)0 dur=0 res=0x0 s={true 0xb40000715cf96a50} ch=false seqId=0
2026-03-23 13:56:30.352 18644-18644 AndroidRuntime          com.pixibeestudio.greenly            D  Shutting down VM
2026-03-23 13:56:30.354 18644-18644 AndroidRuntime          com.pixibeestudio.greenly            E  FATAL EXCEPTION: main (Fix with AI)
                                                                                                    Process: com.pixibeestudio.greenly, PID: 18644
                                                                                                    java.lang.IllegalStateException: Pages must fill the whole ViewPager2 (use match_parent)
                                                                                                    	at androidx.viewpager2.widget.ViewPager2$4.onChildViewAttachedToWindow(ViewPager2.java:277)
                                                                                                    	at androidx.recyclerview.widget.RecyclerView.dispatchChildAttached(RecyclerView.java:8488)
                                                                                                    	at androidx.recyclerview.widget.RecyclerView$6.addView(RecyclerView.java:993)
                                                                                                    	at androidx.recyclerview.widget.ChildHelper.addView(ChildHelper.java:131)
                                                                                                    	at androidx.recyclerview.widget.RecyclerView$LayoutManager.addViewInt(RecyclerView.java:9546)
                                                                                                    	at androidx.recyclerview.widget.RecyclerView$LayoutManager.addView(RecyclerView.java:9504)
                                                                                                    	at androidx.recyclerview.widget.RecyclerView$LayoutManager.addView(RecyclerView.java:9491)
                                                                                                    	at androidx.recyclerview.widget.LinearLayoutManager.layoutChunk(LinearLayoutManager.java:1736)
                                                                                                    	at androidx.recyclerview.widget.LinearLayoutManager.fill(LinearLayoutManager.java:1682)
                                                                                                    	at androidx.recyclerview.widget.LinearLayoutManager.onLayoutChildren(LinearLayoutManager.java:747)
                                                                                                    	at androidx.recyclerview.widget.RecyclerView.dispatchLayoutStep2(RecyclerView.java:4737)
                                                                                                    	at androidx.recyclerview.widget.RecyclerView.dispatchLayout(RecyclerView.java:4459)
                                                                                                    	at androidx.recyclerview.widget.RecyclerView.onLayout(RecyclerView.java:5011)
                                                                                                    	at android.view.View.layout(View.java:26738)
                                                                                                    	at android.view.ViewGroup.layout(ViewGroup.java:6815)
                                                                                                    	at androidx.viewpager2.widget.ViewPager2.onLayout(ViewPager2.java:535)
                                                                                                    	at android.view.View.layout(View.java:26738)
                                                                                                    	at android.view.ViewGroup.layout(ViewGroup.java:6815)
                                                                                                    	at android.widget.LinearLayout.setChildFrame(LinearLayout.java:1891)
                                                                                                    	at android.widget.LinearLayout.layoutVertical(LinearLayout.java:1729)
                                                                                                    	at android.widget.LinearLayout.onLayout(LinearLayout.java:1638)
                                                                                                    	at android.view.View.layout(View.java:26738)
                                                                                                    	at android.view.ViewGroup.layout(ViewGroup.java:6815)
                                                                                                    	at android.widget.FrameLayout.layoutChildren(FrameLayout.java:345)
                                                                                                    	at android.widget.FrameLayout.onLayout(FrameLayout.java:283)
                                                                                                    	at androidx.core.widget.NestedScrollView.onLayout(NestedScrollView.java:2286)
                                                                                                    	at android.view.View.layout(View.java:26738)
                                                                                                    	at android.view.ViewGroup.layout(ViewGroup.java:6815)
                                                                                                    	at com.google.android.material.appbar.HeaderScrollingViewBehavior.layoutChild(HeaderScrollingViewBehavior.java:145)
                                                                                                    	at com.google.android.material.appbar.ViewOffsetBehavior.onLayoutChild(ViewOffsetBehavior.java:43)
                                                                                                    	at com.google.android.material.appbar.AppBarLayout$ScrollingViewBehavior.onLayoutChild(AppBarLayout.java:2461)
                                                                                                    	at androidx.coordinatorlayout.widget.CoordinatorLayout.onLayout(CoordinatorLayout.java:918)
                                                                                                    	at android.view.View.layout(View.java:26738)
                                                                                                    	at android.view.ViewGroup.layout(ViewGroup.java:6815)
                                                                                                    	at android.widget.FrameLayout.layoutChildren(FrameLayout.java:345)
                                                                                                    	at android.widget.FrameLayout.onLayout(FrameLayout.java:283)
                                                                                                    	at android.view.View.layout(View.java:26738)
                                                                                                    	at android.view.ViewGroup.layout(ViewGroup.java:6815)
                                                                                                    	at android.widget.FrameLayout.layoutChildren(FrameLayout.java:345)
                                                                                                    	at android.widget.FrameLayout.onLayout(FrameLayout.java:283)
                                                                                                    	at android.view.View.layout(View.java:26738)
                                                                                                    	at android.view.ViewGroup.layout(ViewGroup.java:6815)
                                                                                                    	at androidx.constraintlayout.widget.ConstraintLayout.onLayout(ConstraintLayout.java:1961)
                                                                                                    	at android.view.View.layout(View.java:26738)
                                                                                                    	at android.view.ViewGroup.layout(ViewGroup.java:6815)
                                                                                                    	at android.widget.FrameLayout.layoutChildren(FrameLayout.java:345)
                                                                                                    	at android.widget.FrameLayout.onLayout(FrameLayout.java:283)
                                                                                                    	at android.view.View.layout(View.java:26738)
                                                                                                    	at android.view.ViewGroup.layout(ViewGroup.java:6815)
                                                                                                    	at android.widget.LinearLayout.setChildFrame(LinearLayout.java:1891)
                                                                                                    	at android.widget.LinearLayout.layoutVertical(LinearLayout.java:1729)
                                                                                                    	at android.widget.LinearLayout.onLayout(LinearLayout.java:1638)
                                                                                                    	at android.view.View.layout(View.java:26738)
                                                                                                    	at android.view.ViewGroup.layout(ViewGroup.java:6815)
                                                                                                    	at android.widget.FrameLayout.layoutChildren(FrameLayout.java:345)
2026-03-23 13:56:30.355 18644-18644 AndroidRuntime          com.pixibeestudio.greenly            E  	at android.widget.FrameLayout.onLayout(FrameLayout.java:283) (Fix with AI)
                                                                                                    	at android.view.View.layout(View.java:26738)
                                                                                                    	at android.view.ViewGroup.layout(ViewGroup.java:6815)
                                                                                                    	at android.widget.LinearLayout.setChildFrame(LinearLayout.java:1891)
                                                                                                    	at android.widget.LinearLayout.layoutVertical(LinearLayout.java:1729)
                                                                                                    	at android.widget.LinearLayout.onLayout(LinearLayout.java:1638)
                                                                                                    	at android.view.View.layout(View.java:26738)
                                                                                                    	at android.view.ViewGroup.layout(ViewGroup.java:6815)
                                                                                                    	at android.widget.FrameLayout.layoutChildren(FrameLayout.java:345)
                                                                                                    	at android.widget.FrameLayout.onLayout(FrameLayout.java:283)
                                                                                                    	at com.android.internal.policy.DecorView.onLayout(DecorView.java:1101)
                                                                                                    	at android.view.View.layout(View.java:26738)
                                                                                                    	at android.view.ViewGroup.layout(ViewGroup.java:6815)
                                                                                                    	at android.view.ViewRootImpl.performLayout(ViewRootImpl.java:5900)
                                                                                                    	at android.view.ViewRootImpl.performTraversals(ViewRootImpl.java:4977)
                                                                                                    	at android.view.ViewRootImpl.doTraversal(ViewRootImpl.java:3708)
                                                                                                    	at android.view.ViewRootImpl$TraversalRunnable.run(ViewRootImpl.java:12542)
                                                                                                    	at android.view.Choreographer$CallbackRecord.run(Choreographer.java:1751)
                                                                                                    	at android.view.Choreographer$CallbackRecord.run(Choreographer.java:1760)
                                                                                                    	at android.view.Choreographer.doCallbacks(Choreographer.java:1216)
                                                                                                    	at android.view.Choreographer.doFrame(Choreographer.java:1142)
                                                                                                    	at android.view.Choreographer$FrameDisplayEventReceiver.run(Choreographer.java:1707)
                                                                                                    	at android.os.Handler.handleCallback(Handler.java:959)
                                                                                                    	at android.os.Handler.dispatchMessage(Handler.java:100)
                                                                                                    	at android.os.Looper.loopOnce(Looper.java:257)
                                                                                                    	at android.os.Looper.loop(Looper.java:342)
                                                                                                    	at android.app.ActivityThread.main(ActivityThread.java:9634)
                                                                                                    	at java.lang.reflect.Method.invoke(Native Method)
                                                                                                    	at com.android.internal.os.RuntimeInit$MethodAndArgsCaller.run(RuntimeInit.java:619)
                                                                                                    	at com.android.internal.os.ZygoteInit.main(ZygoteInit.java:929)
2026-03-23 13:56:30.366 18644-18644 Process                 com.pixibeestudio.greenly            I  Sending signal. PID: 18644 SIG: 9
---------------------------- PROCESS ENDED (18644) for package com.pixibeestudio.greenly ----------------------------